<?xml version="1.0" encoding="UTF-8"?>
<!-- Generated by org.testng.reporters.JUnitXMLReporter -->
<testsuite ignored="4" hostname="Skywalker" failures="0" tests="1" name="Default test" time="20.661" errors="0" timestamp="2025-09-07T01:48:29 IST">
  <testcase classname="com.healthcare.Janitri.LoginPage" name="testPasswordMaskedbutton" time="0.356"/>
  <testcase classname="com.healthcare.Janitri.LoginPage" name="testLoginButtonDisabledWhenFieldAreEmpty" time="0.0">
    <ignored/>
  </testcase> <!-- testLoginButtonDisabledWhenFieldAreEmpty -->
  <testcase classname="com.healthcare.Janitri.LoginPage" name="testUIElements" time="0.0">
    <ignored/>
  </testcase> <!-- testUIElements -->
  <testcase classname="com.healthcare.Janitri.LoginPage" name="testInvalidLoginShowErrorMsg" time="0.0">
    <ignored/>
  </testcase> <!-- testInvalidLoginShowErrorMsg -->
  <testcase classname="com.healthcare.Janitri.LoginPage" name="testWithoutValidCred" time="0.0">
    <ignored/>
  </testcase> <!-- testWithoutValidCred -->
</testsuite> <!-- Default test -->
