<?xml version="1.0" encoding="UTF-8"?>
<testng-results ignored="4" total="5" passed="1" failed="0" skipped="0">
  <reporter-output>
    <line>
      <![CDATA[database connected]]>
    </line>
    <line>
      <![CDATA[browser closed]]>
    </line>
    <line>
      <![CDATA[database disconnected]]>
    </line>
  </reporter-output>
  <suite started-at="2025-09-07T01:48:08 IST" name="Default suite" finished-at="2025-09-07T01:48:29 IST" duration-ms="20661">
    <groups>
    </groups>
    <test started-at="2025-09-07T01:48:08 IST" name="Default test" finished-at="2025-09-07T01:48:29 IST" duration-ms="20661">
      <class name="com.healthcare.Janitri.LoginPage">
        <test-method is-config="true" signature="connectToDataBase()[pri:0, instance:com.healthcare.Janitri.LoginPage@568ff82]" started-at="2025-09-07T01:48:08 IST" name="connectToDataBase" finished-at="2025-09-07T01:48:08 IST" duration-ms="8" status="PASS">
          <reporter-output>
            <line>
              <![CDATA[database connected]]>
            </line>
          </reporter-output>
        </test-method> <!-- connectToDataBase -->
        <test-method is-config="true" signature="launchBrowser()[pri:0, instance:com.healthcare.Janitri.LoginPage@568ff82]" started-at="2025-09-07T01:48:08 IST" name="launchBrowser" finished-at="2025-09-07T01:48:28 IST" duration-ms="19934" status="PASS">
          <reporter-output>
          </reporter-output>
        </test-method> <!-- launchBrowser -->
        <test-method signature="testPasswordMaskedbutton()[pri:0, instance:com.healthcare.Janitri.LoginPage@568ff82]" started-at="2025-09-07T01:48:28 IST" name="testPasswordMaskedbutton" finished-at="2025-09-07T01:48:29 IST" duration-ms="356" status="PASS">
          <reporter-output>
          </reporter-output>
        </test-method> <!-- testPasswordMaskedbutton -->
        <test-method is-config="true" signature="loginToJanitri()[pri:0, instance:com.healthcare.Janitri.LoginPage@568ff82]" started-at="2025-09-07T01:48:28 IST" name="loginToJanitri" finished-at="2025-09-07T01:48:28 IST" duration-ms="0" status="PASS">
          <reporter-output>
          </reporter-output>
        </test-method> <!-- loginToJanitri -->
        <test-method is-config="true" signature="logOutFromJanitri()[pri:0, instance:com.healthcare.Janitri.LoginPage@568ff82]" started-at="2025-09-07T01:48:29 IST" name="logOutFromJanitri" finished-at="2025-09-07T01:48:29 IST" duration-ms="0" status="PASS">
          <reporter-output>
          </reporter-output>
        </test-method> <!-- logOutFromJanitri -->
        <test-method is-config="true" signature="closeBrowser()[pri:0, instance:com.healthcare.Janitri.LoginPage@568ff82]" started-at="2025-09-07T01:48:29 IST" name="closeBrowser" finished-at="2025-09-07T01:48:29 IST" duration-ms="286" status="PASS">
          <reporter-output>
            <line>
              <![CDATA[browser closed]]>
            </line>
          </reporter-output>
        </test-method> <!-- closeBrowser -->
        <test-method is-config="true" signature="disconnectDatabase()[pri:0, instance:com.healthcare.Janitri.LoginPage@568ff82]" started-at="2025-09-07T01:48:29 IST" name="disconnectDatabase" finished-at="2025-09-07T01:48:29 IST" duration-ms="0" status="PASS">
          <reporter-output>
            <line>
              <![CDATA[database disconnected]]>
            </line>
          </reporter-output>
        </test-method> <!-- disconnectDatabase -->
      </class> <!-- com.healthcare.Janitri.LoginPage -->
    </test> <!-- Default test -->
  </suite> <!-- Default suite -->
</testng-results>
