<?xml version="1.0" encoding="UTF-8"?>
<!-- Generated by org.testng.reporters.JUnitXMLReporter -->
<testsuite ignored="3" hostname="Skywalker" failures="0" tests="2" name="Default test(failed)" time="24.742" errors="0" timestamp="2025-09-07T01:31:44 IST">
  <testcase classname="com.healthcare.Janitri.LoginPage" name="testPasswordMaskedbutton" time="0.411"/>
  <testcase classname="com.healthcare.Janitri.LoginPage" name="testWithoutValidCred" time="3.186"/>
  <testcase classname="com.healthcare.Janitri.LoginPage" name="testLoginButtonDisabledWhenFieldAreEmpty" time="0.0">
    <ignored/>
  </testcase> <!-- testLoginButtonDisabledWhenFieldAreEmpty -->
  <testcase classname="com.healthcare.Janitri.LoginPage" name="testUIElements" time="0.0">
    <ignored/>
  </testcase> <!-- testUIElements -->
  <testcase classname="com.healthcare.Janitri.LoginPage" name="testInvalidLoginShowErrorMsg" time="0.0">
    <ignored/>
  </testcase> <!-- testInvalidLoginShowErrorMsg -->
</testsuite> <!-- Default test(failed) -->
