<?xml version="1.0" encoding="UTF-8"?>
<testng-results ignored="0" total="1" passed="0" failed="1" skipped="0">
  <reporter-output>
    <line>
      <![CDATA[database connected]]>
    </line>
    <line>
      <![CDATA[login successfull]]>
    </line>
    <line>
      <![CDATA[logout is successful]]>
    </line>
    <line>
      <![CDATA[browser closed successully]]>
    </line>
    <line>
      <![CDATA[disconected from the database successfully]]>
    </line>
  </reporter-output>
  <suite started-at="2025-08-15T12:58:39 IST" name="Default suite" finished-at="2025-08-15T12:58:54 IST" duration-ms="14376">
    <groups>
    </groups>
    <test started-at="2025-08-15T12:58:39 IST" name="Default test" finished-at="2025-08-15T12:58:54 IST" duration-ms="14376">
      <class name="Practice.Test">
        <test-method is-config="true" signature="cennectToDatabase()[pri:0, instance:Practice.Test@302552ec]" started-at="2025-08-15T12:58:39 IST" name="cennectToDatabase" finished-at="2025-08-15T12:58:39 IST" duration-ms="8" status="PASS">
          <reporter-output>
            <line>
              <![CDATA[database connected]]>
            </line>
          </reporter-output>
        </test-method> <!-- cennectToDatabase -->
        <test-method is-config="true" signature="launchBrowser(java.lang.String)[pri:0, instance:Practice.Test@302552ec]" started-at="2025-08-15T12:58:39 IST" name="launchBrowser" finished-at="2025-08-15T12:58:42 IST" duration-ms="2266" status="PASS">
          <params>
            <param index="0">
              <value>
                <![CDATA[chrome]]>
              </value>
            </param>
          </params>
          <reporter-output>
          </reporter-output>
        </test-method> <!-- launchBrowser -->
        <test-method is-config="true" signature="loginToViTiger()[pri:0, instance:Practice.Test@302552ec]" started-at="2025-08-15T12:58:42 IST" name="loginToViTiger" finished-at="2025-08-15T12:58:47 IST" duration-ms="5300" status="PASS">
          <reporter-output>
            <line>
              <![CDATA[login successfull]]>
            </line>
          </reporter-output>
        </test-method> <!-- loginToViTiger -->
        <test-method signature="ORG()[pri:0, instance:Practice.Test@302552ec]" started-at="2025-08-15T12:58:47 IST" name="ORG" finished-at="2025-08-15T12:58:51 IST" duration-ms="4375" status="FAIL">
          <exception class="java.lang.NullPointerException">
            <message>
              <![CDATA[Cannot invoke "org.apache.poi.ss.usermodel.Sheet.getRow(int)" because the return value of "org.apache.poi.ss.usermodel.Workbook.getSheet(String)" is null]]>
            </message>
            <full-stacktrace>
              <![CDATA[java.lang.NullPointerException: Cannot invoke "org.apache.poi.ss.usermodel.Sheet.getRow(int)" because the return value of "org.apache.poi.ss.usermodel.Workbook.getSheet(String)" is null
at com.Reckon.GenericLibrary.ExcelUtilities.readDataFromExcel(ExcelUtilities.java:15)
at Practice.Test.ORG(Test.java:26)
at java.base/jdk.internal.reflect.DirectMethodHandleAccessor.invoke(DirectMethodHandleAccessor.java:103)
at java.base/java.lang.reflect.Method.invoke(Method.java:580)
at org.testng.internal.invokers.MethodInvocationHelper.invokeMethod(MethodInvocationHelper.java:141)
at org.testng.internal.invokers.TestInvoker.invokeMethod(TestInvoker.java:687)
at org.testng.internal.invokers.TestInvoker.invokeTestMethod(TestInvoker.java:230)
at org.testng.internal.invokers.MethodRunner.runInSequence(MethodRunner.java:63)
at org.testng.internal.invokers.TestInvoker$MethodInvocationAgent.invoke(TestInvoker.java:995)
at org.testng.internal.invokers.TestInvoker.invokeTestMethods(TestInvoker.java:203)
at org.testng.internal.invokers.TestMethodWorker.invokeTestMethods(TestMethodWorker.java:154)
at org.testng.internal.invokers.TestMethodWorker.run(TestMethodWorker.java:134)
at java.base/java.util.ArrayList.forEach(ArrayList.java:1596)
at org.testng.TestRunner.privateRun(TestRunner.java:741)
at org.testng.TestRunner.run(TestRunner.java:616)
at org.testng.SuiteRunner.runTest(SuiteRunner.java:421)
at org.testng.SuiteRunner.runSequentially(SuiteRunner.java:413)
at org.testng.SuiteRunner.privateRun(SuiteRunner.java:373)
at org.testng.SuiteRunner.run(SuiteRunner.java:312)
at org.testng.SuiteRunnerWorker.runSuite(SuiteRunnerWorker.java:52)
at org.testng.SuiteRunnerWorker.run(SuiteRunnerWorker.java:95)
at org.testng.TestNG.runSuitesSequentially(TestNG.java:1274)
at org.testng.TestNG.runSuitesLocally(TestNG.java:1208)
at org.testng.TestNG.runSuites(TestNG.java:1112)
at org.testng.TestNG.run(TestNG.java:1079)
at org.testng.remote.AbstractRemoteTestNG.run(AbstractRemoteTestNG.java:115)
at org.testng.remote.RemoteTestNG.initAndRun(RemoteTestNG.java:293)
at org.testng.remote.RemoteTestNG.main(RemoteTestNG.java:91)
]]>
            </full-stacktrace>
          </exception> <!-- java.lang.NullPointerException -->
          <reporter-output>
          </reporter-output>
        </test-method> <!-- ORG -->
        <test-method is-config="true" signature="logoutFromViTiger()[pri:0, instance:Practice.Test@302552ec]" started-at="2025-08-15T12:58:52 IST" name="logoutFromViTiger" finished-at="2025-08-15T12:58:53 IST" duration-ms="1811" status="PASS">
          <reporter-output>
            <line>
              <![CDATA[logout is successful]]>
            </line>
          </reporter-output>
        </test-method> <!-- logoutFromViTiger -->
        <test-method is-config="true" signature="closeBrowser()[pri:0, instance:Practice.Test@302552ec]" started-at="2025-08-15T12:58:53 IST" name="closeBrowser" finished-at="2025-08-15T12:58:54 IST" duration-ms="242" status="PASS">
          <reporter-output>
            <line>
              <![CDATA[browser closed successully]]>
            </line>
          </reporter-output>
        </test-method> <!-- closeBrowser -->
        <test-method is-config="true" signature="disconnectDatabase()[pri:0, instance:Practice.Test@302552ec]" started-at="2025-08-15T12:58:54 IST" name="disconnectDatabase" finished-at="2025-08-15T12:58:54 IST" duration-ms="0" status="PASS">
          <reporter-output>
            <line>
              <![CDATA[disconected from the database successfully]]>
            </line>
          </reporter-output>
        </test-method> <!-- disconnectDatabase -->
      </class> <!-- Practice.Test -->
    </test> <!-- Default test -->
  </suite> <!-- Default suite -->
</testng-results>
